Arguments: 
  /usr/local/bin/node /usr/local/Cellar/yarn/1.22.17_2/libexec/bin/yarn.js add react-dom-router

PATH: 
  /usr/local/opt/libpq/bin:/usr/local/opt/libpq/bin:/usr/local/bin:/usr/bin:/bin:/usr/sbin:/sbin:/usr/local/opt/libpq/bin:/Users/denisniwemugisha/.sdkman/candidates/java/current/bin

Yarn version: 
  1.22.17

Node version: 
  18.13.0

Platform: 
  darwin x64

Trace: 
  Error: 00561F0E01000000:error:1C800066:Provider routines:ossl_gcm_stream_update:cipher operation failed:../deps/openssl/openssl/providers/implementations/ciphers/ciphercommon_gcm.c:320:

npm manifest: 
  {
    "name": "rvm-web-app",
    "private": true,
    "version": "0.0.0",
    "type": "module",
    "scripts": {
      "dev": "vite",
      "build": "tsc && vite build",
      "lint": "eslint src --ext ts,tsx --report-unused-disable-directives --max-warnings 0",
      "preview": "vite preview"
    },
    "dependencies": {
      "@fortawesome/fontawesome-free": "^6.4.0",
      "@fortawesome/fontawesome-svg-core": "^6.4.0",
      "@fortawesome/free-regular-svg-icons": "^6.4.0",
      "@fortawesome/free-solid-svg-icons": "^6.4.0",
      "@fortawesome/react-fontawesome": "^0.2.0",
      "@vitejs/plugin-react-refresh": "^1.3.6",
      "react": "^18.2.0",
      "react-dom": "^18.2.0"
    },
    "devDependencies": {
      "@types/react": "^18.0.37",
      "@types/react-dom": "^18.0.11",
      "@typescript-eslint/eslint-plugin": "^5.59.0",
      "@typescript-eslint/parser": "^5.59.0",
      "@vitejs/plugin-react": "^4.0.0",
      "autoprefixer": "^10.4.14",
      "eslint": "^8.38.0",
      "eslint-plugin-react-hooks": "^4.6.0",
      "eslint-plugin-react-refresh": "^0.3.4",
      "postcss": "^8.4.24",
      "tailwindcss": "^3.3.2",
      "typescript": "^5.0.2",
      "vite": "^4.3.9"
    }
  }

yarn manifest: 
  No manifest

Lockfile: 
  No lockfile
